Arguments: 
  /usr/local/bin/node /usr/local/bin/yarn add graphql express express-graphql —save

PATH: 
  /usr/local/bin:/usr/bin:/bin:/usr/sbin:/sbin:/usr/local/go/bin:/opt/X11/bin:/Library/Apple/usr/bin

Yarn version: 
  1.22.10

Node version: 
  16.8.0

Platform: 
  darwin x64

Trace: 
  TypeError [ERR_UNESCAPED_CHARACTERS]: https://registry.yarnpkg.com/—save: Request path contains unescaped characters
      at new NodeError (node:internal/errors:371:5)
      at new ClientRequest (node:_http_client:154:13)
      at Object.request (node:https:353:10)
      at Request.module.exports.Request.start (/usr/local/lib/node_modules/yarn/lib/cli.js:141224:32)
      at Request.module.exports.Request.end (/usr/local/lib/node_modules/yarn/lib/cli.js:141983:10)
      at end (/usr/local/lib/node_modules/yarn/lib/cli.js:141037:14)
      at Immediate.<anonymous> (/usr/local/lib/node_modules/yarn/lib/cli.js:141051:7)
      at processImmediate (node:internal/timers:464:21)

npm manifest: 
  {
    "name": "gql-server",
    "version": "1.0.0",
    "main": "server.js",
    "license": "MIT"
  }

yarn manifest: 
  No manifest

Lockfile: 
  No lockfile
